2021-10-04 00:09:53 : Checking Started.
2021-10-04 00:10:17 : Checking Finished.
2021-10-04 00:43:37 : Checking Started.
2021-10-04 00:43:59 : Checking Finished.
2021-10-04 00:43:59 : Games Found = 415
2021-10-04 17:49:58 : Retrieving Data = 1NSANE
2021-10-04 17:50:01 : Retrieving Finished.
2021-10-04 18:49:16 : Retrieving Data = 7.62 High Calibre
2021-10-04 18:49:19 : Retrieving Finished.
2021-10-04 18:52:13 : Retrieving Data = 7.62 High Calibre
2021-10-04 18:52:16 : Retrieving Finished.
2021-10-04 18:53:30 : Retrieving Data = 7.62 High Calibre
2021-10-04 18:53:33 : Retrieving Finished.
2021-10-04 18:54:44 : Retrieving Data = 7.62 High Calibre
2021-10-04 18:54:47 : Retrieving Finished.
2021-10-04 18:55:55 : Retrieving Data = 7.62 High Calibre
2021-10-04 18:55:58 : Retrieving Finished.
2021-10-04 18:56:18 : Retrieving Data = A Boy And His Blob
2021-10-04 18:56:19 : Retrieving Finished.
2021-10-04 19:10:01 : Game Removed = AIM 1
2021-10-04 19:10:01 : Game Removed = AIM 2: Clan Wars
2021-10-04 19:10:01 : Game Removed = AIM Racing
2021-10-04 20:35:06 : Game Removed = A.I.M 2 - Clan Wars
2021-10-04 20:35:06 : Game Removed = A.I.M Racing
